2021-01-18T09:58:00.580 ADVISORY BRAVO O75A
2021-01-18T09:59:00.748 ALARM BRAVO P81C
2021-01-18T10:00:00.303 ADVISORY ALFA O56Y
2021-01-18T10:01:00.495 CLEARED BRAVO K38N
2021-01-18T10:02:00.284 ADVISORY BRAVO Z31Y
2021-01-18T10:03:00.460 ALARM BRAVO S67H
2021-01-18T10:04:00.267 ALARM ALFA U17L
2021-01-18T10:05:00.271 CLEARED ALFA A04P
2021-01-18T10:06:00.374 CLEARED BRAVO E50U
2021-01-18T10:07:00.443 ADVISORY BRAVO Z76U
2021-01-18T10:08:00.559 ALARM ALFA A83I
2021-01-18T10:09:00.281 CLEARED BRAVO E66Q
2021-01-18T10:10:00.693 CLEARED ALFA Y28N
2021-01-18T10:11:00.454 CLEARED ALFA X78Z
2021-01-18T10:12:00.663 ADVISORY BRAVO Z22Z
2021-01-18T10:13:00.484 CLEARED BRAVO X06Y
2021-01-18T10:14:00.437 CLEARED BRAVO H65A
2021-01-18T10:15:00.121 ADVISORY BRAVO W18M
2021-01-18T10:16:00.136 ALARM BRAVO U34L
2021-01-18T10:17:00.144 ALARM ALFA K62M
2021-01-18T10:18:00.196 CLEARED BRAVO I26U
2021-01-18T10:19:00.206 ADVISORY ALFA L01O
2021-01-18T10:20:00.355 ADVISORY ALFA G11N
2021-01-18T10:21:00.171 ALARM ALFA S61S
2021-01-18T10:22:00.253 ALARM BRAVO F08V
2021-01-18T10:23:00.199 ALARM ALFA T57B
2021-01-18T10:24:00.166 CLEARED ALFA Z45R
2021-01-18T10:25:00.189 ADVISORY ALFA S21O
2021-01-18T10:26:00.169 ALARM BRAVO I10C
2021-01-18T10:26:20.193 ALARM ALFA E51V
2021-01-18T10:26:40.221 CLEARED BRAVO K83Y
2021-01-18T10:27:00.245 ADVISORY ALFA L36K
2021-01-18T10:27:20.269 ADVISORY BRAVO A71E
2021-01-18T10:27:40.289 ADVISORY BRAVO P01Z
2021-01-18T10:28:00.706 CLEARED BRAVO C71E
2021-01-18T10:28:20.729 ADVISORY BRAVO G08C
2021-01-18T10:28:40.756 CLEARED BRAVO V77W
2021-01-18T10:29:00.169 ADVISORY ALFA L58X
2021-01-18T10:29:20.195 ADVISORY BRAVO N30L
2021-01-18T10:29:40.216 ALARM BRAVO M44X
2021-01-18T10:30:00.152 ADVISORY BRAVO K72R
2021-01-18T10:30:20.173 ALARM BRAVO Z81Q
2021-01-18T10:30:40.194 ALARM BRAVO R43T
2021-01-18T10:31:00.150 ADVISORY ALFA I28B
2021-01-18T10:31:20.174 ALARM ALFA C83B
2021-01-18T10:31:40.203 ALARM ALFA J35Y
2021-01-18T10:32:00.163 CLEARED BRAVO P81B
2021-01-18T10:32:20.186 CLEARED ALFA N71K
2021-01-18T10:32:40.215 CLEARED BRAVO I25X
2021-01-18T10:33:00.145 CLEARED BRAVO H77Q
2021-01-18T10:33:09.157 CLEARED ALFA G17L
2021-01-18T10:33:18.167 ADVISORY ALFA N33H
2021-01-18T10:33:27.177 CLEARED BRAVO N12C
2021-01-18T10:33:36.193 ADVISORY BRAVO X62M
2021-01-18T10:33:45.205 ADVISORY BRAVO A17V
2021-01-18T10:33:54.222 ALARM BRAVO U73G
2021-01-18T10:34:00.193 ALARM ALFA I35Q
2021-01-18T10:34:09.210 ADVISORY ALFA N67B
2021-01-18T10:34:18.220 ADVISORY ALFA D28R
2021-01-18T10:34:27.237 ALARM BRAVO V64N
2021-01-18T10:34:36.261 ADVISORY BRAVO I73C
2021-01-18T10:34:45.276 ADVISORY ALFA T65N
2021-01-18T10:34:54.288 ADVISORY ALFA G76K
2021-01-18T10:35:03.906 ALARM ALFA U72M
2021-01-18T10:36:00.102 CLEARED BRAVO P27I
2021-01-18T10:36:09.120 ALARM ALFA U54D
2021-01-18T10:36:18.139 ALARM BRAVO B32T
2021-01-18T10:36:27.156 ADVISORY ALFA X78P
2021-01-18T10:36:36.168 ALARM ALFA O53W
2021-01-18T10:36:45.178 ADVISORY BRAVO P85Z
2021-01-18T10:36:54.199 ALARM BRAVO Q51Z
2021-01-18T10:37:00.208 ALARM BRAVO H85J
2021-01-18T10:37:09.222 ALARM ALFA A05U
2021-01-18T10:37:18.265 ALARM BRAVO C26D
2021-01-18T10:37:27.277 CLEARED ALFA C76Q
2021-01-18T10:37:36.291 ADVISORY BRAVO O24N
2021-01-18T10:37:45.303 CLEARED ALFA Q33F
2021-01-18T10:38:00.645 ADVISORY ALFA O86M
2021-01-18T10:38:09.664 CLEARED ALFA Z65R
2021-01-18T10:38:18.673 CLEARED ALFA L78B
2021-01-18T10:38:27.685 ALARM ALFA R06S
2021-01-18T10:38:36.696 ADVISORY BRAVO F41G
2021-01-18T10:38:45.704 CLEARED ALFA V20U
2021-01-18T10:39:00.155 ALARM ALFA F33E
2021-01-18T10:39:09.167 ADVISORY ALFA Y32B
2021-01-18T10:39:18.183 CLEARED BRAVO T08I
2021-01-18T10:39:27.199 CLEARED ALFA T15L
2021-01-18T10:39:36.214 CLEARED BRAVO N48Y
2021-01-18T10:39:45.227 ADVISORY BRAVO X36C
2021-01-18T10:40:00.136 ADVISORY ALFA F86H
2021-01-18T10:40:09.145 ADVISORY BRAVO P53J
2021-01-18T10:40:18.161 CLEARED BRAVO L07P
2021-01-18T10:40:27.172 ADVISORY ALFA P64X
2021-01-18T10:40:36.189 ALARM BRAVO P31S
2021-01-18T10:40:45.201 ADVISORY BRAVO N45X
2021-01-18T10:41:00.135 ALARM BRAVO Y76Y
2021-01-18T10:41:09.147 CLEARED BRAVO W26L
2021-01-18T10:41:18.160 ADVISORY ALFA T06R
2021-01-18T10:41:27.180 CLEARED ALFA L08U
2021-01-18T10:41:36.194 ALARM ALFA Q58U
2021-01-18T10:41:45.212 ALARM BRAVO Z55H
2021-01-18T10:42:00.092 ALARM ALFA R31G
2021-01-18T10:42:09.109 ADVISORY ALFA I14J
2021-01-18T10:42:18.124 ADVISORY BRAVO M04C
2021-01-18T10:42:27.134 ALARM ALFA I75P
2021-01-18T10:42:36.147 ADVISORY BRAVO W40K
2021-01-18T10:42:45.158 ADVISORY BRAVO Q00B
2021-01-18T10:43:00.096 ADVISORY ALFA Z26R
2021-01-18T10:43:09.107 ALARM ALFA N10K
2021-01-18T10:43:18.120 ADVISORY ALFA J22D
2021-01-18T10:43:27.138 ADVISORY ALFA E81Y
2021-01-18T10:43:36.148 CLEARED ALFA Q40Y
2021-01-18T10:43:45.163 CLEARED ALFA A25W
2021-01-18T10:44:00.086 ALARM BRAVO X53A
2021-01-18T10:44:09.102 ADVISORY ALFA Q68M
2021-01-18T10:44:18.111 CLEARED BRAVO T18P
2021-01-18T10:44:27.122 ADVISORY ALFA E71D
2021-01-18T10:44:36.140 ADVISORY BRAVO R01V
2021-01-18T10:44:45.156 ALARM BRAVO F85H
2021-01-18T10:45:00.099 ADVISORY ALFA E58X
2021-01-18T10:45:09.110 ADVISORY BRAVO W10D
2021-01-18T10:45:18.123 ADVISORY ALFA R06A
2021-01-18T10:45:27.132 ADVISORY ALFA U41X
2021-01-18T10:45:36.151 ADVISORY BRAVO J21H
2021-01-18T10:45:45.168 ALARM BRAVO G11V
2021-01-18T10:46:00.093 CLEARED ALFA D76Z
2021-01-18T10:46:09.103 ADVISORY BRAVO X67B
2021-01-18T10:46:18.119 ADVISORY BRAVO A15T
2021-01-18T10:46:27.136 ADVISORY BRAVO W68W
2021-01-18T10:46:36.146 CLEARED ALFA O54R
2021-01-18T10:46:45.163 ADVISORY BRAVO H56Y
2021-01-18T10:47:00.027 ALARM BRAVO U42F
2021-01-18T10:47:09.035 CLEARED ALFA W07R
2021-01-18T10:47:18.045 CLEARED BRAVO I25P
2021-01-18T10:47:27.050 ADVISORY ALFA L17G
2021-01-18T10:47:36.064 ALARM BRAVO D22T
2021-01-18T10:47:45.073 ALARM BRAVO Q52U
2021-01-18T10:48:00.059 CLEARED ALFA I62V
2021-01-18T10:48:09.064 ALARM BRAVO Y22I
2021-01-18T10:48:18.073 ADVISORY BRAVO X76L
2021-01-18T10:48:27.082 ALARM BRAVO Q64K
2021-01-18T10:48:36.090 ALARM ALFA Q26V
2021-01-18T10:48:45.098 CLEARED BRAVO H83B
2021-01-18T10:49:00.027 ALARM ALFA Q53P
2021-01-18T10:49:09.037 ADVISORY BRAVO U58J
2021-01-18T10:49:18.038 CLEARED BRAVO Q08U
2021-01-18T10:49:27.041 CLEARED BRAVO E11Q
2021-01-18T10:49:36.051 ALARM ALFA N04U
2021-01-18T10:49:45.059 ALARM ALFA G12R
2021-01-18T10:50:00.026 ADVISORY BRAVO Y88Y
2021-01-18T10:50:09.034 CLEARED ALFA J23Y
2021-01-18T10:50:18.042 ALARM BRAVO X21U
2021-01-18T10:50:27.049 ALARM BRAVO B82W
2021-01-18T10:50:36.052 CLEARED ALFA H56K
2021-01-18T10:50:45.059 ADVISORY BRAVO M05V
2021-01-18T10:51:00.026 CLEARED ALFA D54Y
2021-01-18T10:51:09.028 CLEARED ALFA S80V
2021-01-18T10:51:18.038 ALARM BRAVO J47F
2021-01-18T10:51:27.047 ALARM BRAVO F78G
2021-01-18T10:51:36.057 CLEARED ALFA E54V
2021-01-18T10:51:45.066 ALARM ALFA X26D
2021-01-18T10:52:00.047 ADVISORY BRAVO S00N
2021-01-18T10:52:09.054 ADVISORY BRAVO J57O
2021-01-18T10:52:18.061 ADVISORY ALFA Q34R
2021-01-18T10:52:27.070 ADVISORY BRAVO Z33N
2021-01-18T10:52:36.077 CLEARED BRAVO W64O
2021-01-18T10:52:45.086 CLEARED BRAVO U58V
2021-01-18T10:53:00.040 ADVISORY ALFA N66P
2021-01-18T10:53:09.049 ADVISORY ALFA G67C
2021-01-18T10:53:18.057 CLEARED ALFA O78K
2021-01-18T10:53:27.065 CLEARED ALFA X44X
2021-01-18T10:53:36.069 CLEARED ALFA N20A
2021-01-18T10:53:45.078 ALARM ALFA B13H
2021-01-18T10:54:00.028 ADVISORY ALFA J03R
2021-01-18T10:54:09.035 CLEARED BRAVO H72C
2021-01-18T10:54:18.039 ALARM ALFA D45F
2021-01-18T10:54:27.045 ADVISORY ALFA G80J
2021-01-18T10:54:36.050 ADVISORY BRAVO B34D
2021-01-18T10:54:45.059 ADVISORY BRAVO A40R
2021-01-18T10:55:00.029 ADVISORY BRAVO V66B
2021-01-18T10:55:09.038 CLEARED BRAVO H43B
2021-01-18T10:55:18.041 CLEARED ALFA W66I
2021-01-18T10:55:27.050 ALARM ALFA T85U
2021-01-18T10:55:36.064 ALARM BRAVO Z38F
2021-01-18T10:55:45.073 ADVISORY BRAVO E22Q
2021-01-18T10:56:00.026 CLEARED ALFA G55I
2021-01-18T10:56:09.035 CLEARED ALFA P32C
2021-01-18T10:56:18.040 ALARM ALFA E30G
2021-01-18T10:56:27.050 CLEARED ALFA D65B
2021-01-18T10:56:36.056 ADVISORY ALFA O63C
2021-01-18T10:56:45.059 CLEARED ALFA X56I
2021-01-18T10:57:00.030 CLEARED ALFA M07T
2021-01-18T10:57:09.039 ADVISORY ALFA P66F
2021-01-18T10:57:18.044 CLEARED BRAVO J62V
2021-01-18T10:57:27.050 ALARM BRAVO U78V
2021-01-18T10:57:36.057 CLEARED ALFA X64I
2021-01-18T10:57:45.066 ALARM ALFA L72N
2021-01-18T10:58:00.027 CLEARED ALFA Y65U
2021-01-18T10:58:09.028 ADVISORY BRAVO L27N
2021-01-18T10:58:18.037 ALARM BRAVO P42S
2021-01-18T10:58:27.045 ALARM BRAVO J42G
2021-01-18T10:58:36.053 ALARM ALFA Y83C
2021-01-18T10:58:45.059 ADVISORY ALFA W78O
2021-01-18T10:59:00.028 CLEARED ALFA J01N
2021-01-18T10:59:09.036 ALARM ALFA K23X
2021-01-18T10:59:18.044 ALARM BRAVO V28B
2021-01-18T10:59:27.049 ADVISORY ALFA E65C
2021-01-18T10:59:36.058 CLEARED BRAVO S41U
2021-01-18T10:59:45.059 ADVISORY ALFA U08L
2021-01-18T11:00:00.101 ALARM BRAVO C77W
2021-01-18T11:00:09.106 ADVISORY BRAVO O43D
2021-01-18T11:00:18.111 ADVISORY BRAVO Q88H
2021-01-18T11:00:27.119 ALARM BRAVO N28Y
2021-01-18T11:00:36.128 ADVISORY ALFA K71X
2021-01-18T11:00:45.137 ADVISORY ALFA Y61M
2021-01-18T11:01:00.027 ALARM ALFA G80S
2021-01-18T11:01:09.030 ADVISORY ALFA Z75F
2021-01-18T11:01:18.030 CLEARED BRAVO Z80Q
2021-01-18T11:01:27.038 CLEARED BRAVO H56T
2021-01-18T11:01:36.051 CLEARED ALFA H63Y
2021-01-18T11:01:45.054 CLEARED BRAVO S42B
2021-01-18T11:02:00.026 CLEARED ALFA P03S
2021-01-18T11:02:09.028 ADVISORY ALFA G64T
2021-01-18T11:02:18.034 ALARM BRAVO D75K
2021-01-18T11:02:27.046 ALARM BRAVO A11H
2021-01-18T11:02:36.053 ADVISORY ALFA M70J
2021-01-18T11:02:45.061 ALARM ALFA Z71I
2021-01-18T11:03:00.027 CLEARED BRAVO Y64P
2021-01-18T11:03:09.035 ALARM BRAVO U13L
2021-01-18T11:03:18.036 ADVISORY BRAVO S28X
2021-01-18T11:03:27.044 CLEARED ALFA C15U
2021-01-18T11:03:36.053 CLEARED ALFA M88P
2021-01-18T11:03:45.056 ADVISORY BRAVO P26C
2021-01-18T11:04:00.028 CLEARED BRAVO D48I
2021-01-18T11:04:09.036 ADVISORY ALFA K73R
2021-01-18T11:04:18.043 ALARM ALFA W13V
2021-01-18T11:04:27.048 CLEARED ALFA H40N
2021-01-18T11:04:36.057 ALARM BRAVO M70J
2021-01-18T11:04:45.067 ALARM ALFA D88R
2021-01-18T11:05:00.026 CLEARED BRAVO D36Z
2021-01-18T11:05:09.030 ADVISORY ALFA K07U
2021-01-18T11:05:18.039 ADVISORY BRAVO O07M
2021-01-18T11:05:27.052 ALARM ALFA N10X
2021-01-18T11:05:36.060 CLEARED BRAVO R60M
2021-01-18T11:05:45.068 ADVISORY ALFA H13G
2021-01-18T11:06:00.027 ADVISORY BRAVO R42B
2021-01-18T11:06:09.033 ALARM BRAVO A16P
2021-01-18T11:06:18.039 ADVISORY BRAVO I02E
2021-01-18T11:06:27.045 CLEARED ALFA R18J
2021-01-18T11:06:36.050 ADVISORY ALFA L21K
2021-01-18T11:06:45.058 ADVISORY BRAVO T34P
2021-01-18T11:07:00.027 CLEARED ALFA Q67A
2021-01-18T11:07:09.032 ADVISORY ALFA H70K
2021-01-18T11:07:18.039 CLEARED ALFA X64M
2021-01-18T11:07:27.048 CLEARED ALFA I16O
2021-01-18T11:07:36.052 CLEARED BRAVO C23P
2021-01-18T11:07:45.062 ALARM BRAVO Z06L
2021-01-18T11:08:00.027 ADVISORY ALFA C10L
2021-01-18T11:08:09.036 CLEARED ALFA X33P
2021-01-18T11:08:18.045 CLEARED ALFA O35W
2021-01-18T11:08:27.054 ADVISORY BRAVO G65Q
2021-01-18T11:08:36.062 CLEARED ALFA B33C
2021-01-18T11:08:45.068 ALARM BRAVO Z53Z
2021-01-18T11:09:00.029 ADVISORY BRAVO C50J
2021-01-18T11:09:09.029 CLEARED ALFA H80F
2021-01-18T11:09:18.032 CLEARED BRAVO T88Y
2021-01-18T11:09:27.041 ALARM BRAVO E41Y
2021-01-18T11:09:36.050 CLEARED ALFA K20A
2021-01-18T11:09:45.056 CLEARED ALFA Y20D
2021-01-18T11:10:00.027 CLEARED BRAVO Z73V
2021-01-18T11:10:09.032 ADVISORY ALFA L27A
2021-01-18T11:10:18.038 ADVISORY BRAVO Z35D
2021-01-18T11:10:27.043 ADVISORY ALFA D44S
2021-01-18T11:10:36.054 ALARM BRAVO G27L
2021-01-18T11:10:45.062 ALARM BRAVO W66M
2021-01-18T11:11:00.026 CLEARED BRAVO T20F
2021-01-18T11:11:09.034 CLEARED ALFA L78T
2021-01-18T11:11:18.041 ALARM BRAVO N00J
2021-01-18T11:11:27.049 ADVISORY BRAVO D60Q
2021-01-18T11:11:36.058 CLEARED ALFA C88X
2021-01-18T11:11:45.065 ADVISORY BRAVO C83W
2021-01-18T11:12:00.031 ADVISORY ALFA G63M
2021-01-18T11:12:09.040 ADVISORY ALFA H78P
2021-01-18T11:12:18.048 CLEARED ALFA U15U
2021-01-18T11:12:27.054 CLEARED BRAVO R11J
2021-01-18T11:12:36.060 ALARM ALFA S38F
2021-01-18T11:12:45.069 ADVISORY BRAVO K07F
2021-01-18T11:13:00.028 ADVISORY BRAVO Q24B
2021-01-18T11:13:09.035 ALARM BRAVO E20I
2021-01-18T11:13:18.041 ALARM ALFA M15T
2021-01-18T11:13:27.048 CLEARED ALFA S10J
2021-01-18T11:13:36.050 CLEARED BRAVO N66C
2021-01-18T11:13:45.059 ALARM ALFA F30A
2021-01-18T11:14:00.027 CLEARED ALFA L33B
2021-01-18T11:14:09.036 ALARM BRAVO Y13E
2021-01-18T11:14:18.042 ALARM ALFA E76V
2021-01-18T11:14:27.049 CLEARED BRAVO U06Z
2021-01-18T11:14:36.058 ALARM ALFA P71Z
2021-01-18T11:14:45.065 CLEARED ALFA A85K
2021-01-18T11:15:00.027 ALARM BRAVO V18N
2021-01-18T11:15:09.034 ALARM BRAVO M80H
2021-01-18T11:15:18.043 ADVISORY ALFA E23R
2021-01-18T11:15:27.049 ALARM ALFA Z72M
2021-01-18T11:15:36.051 CLEARED BRAVO N37E
2021-01-18T11:15:45.060 ADVISORY ALFA Q84W
2021-01-18T11:16:00.027 CLEARED ALFA Y02S
2021-01-18T11:16:09.035 CLEARED ALFA H33G
2021-01-18T11:16:18.044 CLEARED ALFA R26Q
2021-01-18T11:16:27.051 CLEARED ALFA G12N
2021-01-18T11:16:36.059 ADVISORY ALFA V06D
2021-01-18T11:16:45.067 ADVISORY ALFA Z88O
2021-01-18T11:17:00.027 ALARM BRAVO Y01V
2021-01-18T11:17:09.036 ALARM BRAVO F70R
2021-01-18T11:17:18.042 ADVISORY ALFA S10O
2021-01-18T11:17:27.048 CLEARED BRAVO O82G
2021-01-18T11:17:36.053 ADVISORY ALFA M53D
2021-01-18T11:17:45.062 CLEARED BRAVO V15I
2021-01-18T11:18:00.029 ALARM ALFA N74B
2021-01-18T11:18:09.036 ALARM ALFA J14H
2021-01-18T11:18:18.046 ADVISORY ALFA G04U
2021-01-18T11:18:27.055 ADVISORY BRAVO D86V
2021-01-18T11:18:36.056 CLEARED ALFA C26O
2021-01-18T11:18:45.066 ADVISORY BRAVO A46Z
2021-01-18T11:19:00.028 ADVISORY BRAVO T27E
2021-01-18T11:19:09.030 ADVISORY BRAVO H26B
2021-01-18T11:19:18.037 ADVISORY BRAVO F40Z
2021-01-18T11:19:27.037 ALARM ALFA N71G
2021-01-18T11:19:36.047 ALARM ALFA J64G
2021-01-18T11:19:45.051 ALARM ALFA F41E
2021-01-18T11:20:00.027 CLEARED BRAVO G23L
2021-01-18T11:20:09.036 ADVISORY BRAVO N48A
2021-01-18T11:20:18.044 CLEARED ALFA Z07C
2021-01-18T11:20:27.053 ALARM BRAVO Z61Z
2021-01-18T11:20:36.060 ALARM ALFA E24K
2021-01-18T11:20:45.065 ALARM ALFA R46M
2021-01-18T11:21:00.026 ADVISORY BRAVO B50P
2021-01-18T11:21:09.034 ALARM ALFA W11O
2021-01-18T11:21:18.037 ADVISORY ALFA G40Z
2021-01-18T11:21:27.046 CLEARED BRAVO V55F
2021-01-18T11:21:36.054 ADVISORY BRAVO P45I
2021-01-18T11:21:45.060 ALARM BRAVO C54W
2021-01-18T11:22:00.028 ALARM ALFA L12N
2021-01-18T11:22:09.035 ADVISORY BRAVO Y75E
2021-01-18T11:22:18.038 ALARM ALFA S30Y
2021-01-18T11:22:27.047 CLEARED ALFA O65R
2021-01-18T11:22:36.056 ALARM ALFA W41H
2021-01-18T11:22:45.064 ADVISORY ALFA Q85Y
2021-01-18T11:23:00.028 ALARM ALFA K32T
2021-01-18T11:23:09.035 ALARM BRAVO D77E
2021-01-18T11:23:18.038 ALARM BRAVO H24H
2021-01-18T11:23:27.046 ALARM ALFA K54I
2021-01-18T11:23:36.052 ADVISORY BRAVO Z52M
2021-01-18T11:23:45.056 CLEARED ALFA R72M
2021-01-18T11:24:00.031 ADVISORY ALFA L60V
2021-01-18T11:24:09.040 CLEARED BRAVO J07C
2021-01-18T11:24:18.049 ALARM ALFA S78D
2021-01-18T11:24:27.054 ALARM ALFA E67N
2021-01-18T11:24:36.058 ADVISORY ALFA M11B
2021-01-18T11:24:45.058 CLEARED ALFA X03X
2021-01-18T11:25:00.029 ADVISORY ALFA P34C
2021-01-18T11:25:09.039 ALARM ALFA L48G
2021-01-18T11:25:18.043 ADVISORY ALFA H40I
2021-01-18T11:25:27.048 ALARM ALFA Z27R
2021-01-18T11:25:36.055 ALARM ALFA L52A
2021-01-18T11:25:45.062 ALARM BRAVO L78Z
2021-01-18T11:26:00.027 CLEARED ALFA C07U
2021-01-18T11:26:09.028 ALARM ALFA V03N
2021-01-18T11:26:18.032 CLEARED BRAVO C21W
2021-01-18T11:26:27.036 CLEARED BRAVO R64I
2021-01-18T11:26:36.045 CLEARED BRAVO W63J
2021-01-18T11:26:45.055 ALARM ALFA S82G
2021-01-18T11:27:00.029 ADVISORY ALFA X85H
2021-01-18T11:27:09.038 CLEARED ALFA B17G
2021-01-18T11:27:18.045 ADVISORY BRAVO D72W
2021-01-18T11:27:27.053 CLEARED ALFA O41Q
2021-01-18T11:27:36.063 ALARM ALFA I88A
2021-01-18T11:27:45.069 ADVISORY BRAVO D36F
2021-01-18T11:28:00.032 ADVISORY ALFA X00Y
2021-01-18T11:28:09.038 ALARM BRAVO N03V
2021-01-18T11:28:18.047 ALARM BRAVO O30Z
2021-01-18T11:28:27.054 CLEARED BRAVO R54K
2021-01-18T11:28:36.059 ALARM ALFA V21X
2021-01-18T11:28:45.066 CLEARED ALFA X75Z
2021-01-18T11:29:00.053 CLEARED BRAVO W85X
2021-01-18T11:29:09.060 ALARM ALFA G55S
2021-01-18T11:29:18.067 ALARM BRAVO K35C
2021-01-18T11:29:27.073 ADVISORY BRAVO I38Q
2021-01-18T11:29:36.083 ADVISORY ALFA X38F
2021-01-18T11:29:45.091 ALARM BRAVO O03C
2021-01-18T11:30:00.028 ALARM BRAVO W63Z
2021-01-18T11:30:09.033 ADVISORY BRAVO Q45E
2021-01-18T11:30:18.037 CLEARED ALFA S72G
2021-01-18T11:30:27.047 ADVISORY ALFA I63Q
2021-01-18T11:30:36.056 ALARM BRAVO R18F
2021-01-18T11:30:45.065 ADVISORY ALFA O26B
2021-01-18T11:31:00.032 CLEARED ALFA G15T
2021-01-18T11:31:09.034 CLEARED ALFA V73L
2021-01-18T11:31:18.043 ADVISORY BRAVO P42K
2021-01-18T11:31:27.050 ALARM BRAVO C20D
2021-01-18T11:31:36.059 ALARM BRAVO D14A
2021-01-18T11:31:45.066 ALARM BRAVO B04Y
2021-01-18T11:32:00.027 ALARM ALFA M35X
2021-01-18T11:32:09.035 ALARM ALFA O71B
2021-01-18T11:32:18.044 ALARM BRAVO K82W
2021-01-18T11:32:27.054 ADVISORY ALFA R47T
2021-01-18T11:32:36.059 CLEARED ALFA U14Q
2021-01-18T11:32:45.067 ALARM ALFA D27J
2021-01-18T11:33:00.027 ALARM ALFA J30F
2021-01-18T11:33:09.036 ALARM BRAVO A13U
2021-01-18T11:33:18.039 ALARM BRAVO J24Q
2021-01-18T11:33:27.041 CLEARED ALFA O15Z
2021-01-18T11:33:36.050 CLEARED ALFA P55M
2021-01-18T11:33:45.056 ADVISORY BRAVO B01N
2021-01-18T11:34:00.029 CLEARED ALFA F31Y
2021-01-18T11:34:09.030 CLEARED ALFA X47B
2021-01-18T11:34:18.039 ALARM ALFA F58C
2021-01-18T11:34:27.049 ALARM BRAVO B77N
2021-01-18T11:34:36.051 ADVISORY ALFA N48D
2021-01-18T11:34:45.059 ADVISORY BRAVO R87I
2021-01-18T11:35:00.030 ADVISORY ALFA K22N
2021-01-18T11:35:09.037 ADVISORY BRAVO G30M
2021-01-18T11:35:18.042 ADVISORY BRAVO K08O
2021-01-18T11:35:27.051 ADVISORY ALFA K46I
2021-01-18T11:35:36.056 CLEARED BRAVO N34R
2021-01-18T11:35:45.059 ADVISORY BRAVO F74L
2021-01-18T11:36:00.026 CLEARED ALFA H42M
2021-01-18T11:36:09.034 ADVISORY ALFA K85F
2021-01-18T11:36:18.039 CLEARED BRAVO X06Z
2021-01-18T11:36:27.048 ALARM BRAVO S43A
2021-01-18T11:37:00.031 ALARM ALFA E36Z
2021-01-18T11:37:09.041 ADVISORY ALFA J58V
2021-01-18T11:37:18.050 CLEARED ALFA F58G
2021-01-18T11:37:27.053 ADVISORY ALFA T45Q
2021-01-18T11:37:36.057 ADVISORY ALFA R18R
2021-01-18T11:37:45.066 CLEARED ALFA X27U
2021-01-18T11:38:00.106 ADVISORY BRAVO X16R
2021-01-18T11:38:09.111 ALARM BRAVO I12H
2021-01-18T11:38:18.112 ADVISORY BRAVO I04Y
2021-01-18T11:38:27.115 ALARM BRAVO L24M
2021-01-18T11:38:36.116 ALARM ALFA S45R
2021-01-18T11:38:45.124 ADVISORY ALFA V56P
2021-01-18T11:39:00.035 ALARM ALFA C82S
2021-01-18T11:39:09.042 ADVISORY BRAVO R01U
2021-01-18T11:39:18.050 ALARM BRAVO G27W
2021-01-18T11:39:27.053 ADVISORY ALFA J74V
2021-01-18T11:39:36.058 CLEARED ALFA H15D
2021-01-18T11:39:45.066 ALARM BRAVO Q47R
2021-01-18T11:40:00.033 CLEARED BRAVO P52K
2021-01-18T11:40:09.039 CLEARED BRAVO J55G
2021-01-18T11:40:18.047 CLEARED BRAVO U22F
2021-01-18T11:40:27.054 ADVISORY ALFA F81Z
2021-01-18T11:40:36.060 ALARM BRAVO G64D
2021-01-18T11:40:45.069 ALARM ALFA J56E
2021-01-18T11:41:00.066 ADVISORY BRAVO W31H
2021-01-18T11:41:09.068 ADVISORY BRAVO U85P
2021-01-18T11:41:18.078 ALARM BRAVO Z50U
2021-01-18T11:41:27.086 CLEARED ALFA G57Z
2021-01-18T11:41:36.090 ADVISORY BRAVO N77G
2021-01-18T11:41:45.098 ALARM BRAVO A72W
2021-01-18T11:42:00.029 ADVISORY ALFA V25W
2021-01-18T11:42:09.039 ADVISORY ALFA G70O
2021-01-18T11:42:18.046 ADVISORY ALFA Q24G
2021-01-18T11:42:27.054 ALARM BRAVO S58D
2021-01-18T11:42:36.058 CLEARED BRAVO E72A
2021-01-18T11:42:45.067 CLEARED BRAVO X44O
2021-01-18T11:43:00.061 ADVISORY ALFA W22Z
2021-01-18T11:43:09.069 ADVISORY ALFA X01A
2021-01-18T11:43:18.071 ALARM BRAVO N07Q
2021-01-18T11:43:27.078 CLEARED BRAVO U55R
2021-01-18T11:43:36.081 CLEARED ALFA M31M
2021-01-18T11:43:45.090 ADVISORY BRAVO L68K
2021-01-18T11:44:00.031 ALARM BRAVO P58N
2021-01-18T11:44:09.039 CLEARED BRAVO X66B
2021-01-18T11:44:18.048 CLEARED BRAVO N55H
2021-01-18T11:44:27.059 CLEARED BRAVO R45R
2021-01-18T11:44:36.062 CLEARED BRAVO J26V
2021-01-18T11:44:45.066 ADVISORY BRAVO R10G
2021-01-18T11:45:00.028 ADVISORY BRAVO S48O
2021-01-18T11:45:09.037 ALARM ALFA A13N
2021-01-18T11:45:18.049 ADVISORY ALFA X05A
2021-01-18T11:45:27.057 CLEARED ALFA J43D
2021-01-18T11:45:36.057 ADVISORY BRAVO M84A
2021-01-18T11:45:45.058 ADVISORY ALFA Q10L
2021-01-18T11:46:00.028 ALARM BRAVO H35C
2021-01-18T11:46:09.038 CLEARED ALFA P83A
2021-01-18T11:46:18.038 ADVISORY ALFA M64K
2021-01-18T11:46:27.039 ADVISORY BRAVO E58I
2021-01-18T11:46:36.040 ALARM ALFA E34B
2021-01-18T11:46:45.049 ADVISORY BRAVO J61Q
2021-01-18T11:47:00.029 ADVISORY ALFA B54K
2021-01-18T11:47:09.035 CLEARED BRAVO V33T
2021-01-18T11:47:18.040 CLEARED ALFA K33R
2021-01-18T11:47:27.049 CLEARED ALFA S63H
2021-01-18T11:47:36.050 CLEARED ALFA U46B
2021-01-18T11:47:45.059 CLEARED BRAVO X65Z
2021-01-18T11:48:00.034 ALARM BRAVO Z40K
2021-01-18T11:48:09.041 ADVISORY BRAVO Q41Q
2021-01-18T11:48:18.049 ALARM BRAVO S74V
2021-01-18T11:48:27.058 ALARM BRAVO F88Y
2021-01-18T11:48:36.061 ALARM ALFA F68Y
2021-01-18T11:48:45.067 ALARM BRAVO F60A
2021-01-18T11:49:00.027 ADVISORY BRAVO H64A
2021-01-18T11:49:09.036 ADVISORY BRAVO E24M
2021-01-18T11:49:18.041 CLEARED ALFA E21D
2021-01-18T11:49:27.047 ADVISORY ALFA H40U
2021-01-18T11:49:36.053 ALARM BRAVO J53C
2021-01-18T11:49:45.061 CLEARED BRAVO E36B
2021-01-18T11:50:00.027 ALARM BRAVO M08Y
2021-01-18T11:50:09.032 ALARM BRAVO C03D
2021-01-18T11:50:18.036 ALARM BRAVO L55K
2021-01-18T11:50:27.045 ADVISORY BRAVO A50R
2021-01-18T11:50:36.052 ADVISORY BRAVO J24D
2021-01-18T11:50:45.061 ALARM BRAVO C33C
2021-01-18T11:51:00.031 ALARM ALFA Y10Y
2021-01-18T11:51:09.037 CLEARED BRAVO O46X
2021-01-18T11:51:18.039 ALARM ALFA L44J
2021-01-18T11:51:27.044 CLEARED ALFA H31Q
2021-01-18T11:51:36.051 ADVISORY ALFA S73G
2021-01-18T11:51:45.055 ADVISORY ALFA C00Y
2021-01-18T11:52:00.029 CLEARED BRAVO B34H
2021-01-18T11:52:09.037 CLEARED ALFA D48U
2021-01-18T11:52:18.047 ALARM ALFA D05C
2021-01-18T11:52:27.050 ADVISORY ALFA V71V
2021-01-18T11:52:36.057 CLEARED ALFA G87H
2021-01-18T11:52:45.066 CLEARED ALFA M67I
2021-01-18T11:53:00.027 ADVISORY BRAVO F04G
2021-01-18T11:53:09.032 ADVISORY BRAVO S68O
2021-01-18T11:53:18.040 ADVISORY BRAVO S16I
2021-01-18T11:53:27.049 ALARM ALFA J07W
2021-01-18T11:53:36.053 CLEARED BRAVO V54A
2021-01-18T11:53:45.059 ADVISORY BRAVO Z87T
2021-01-18T11:54:00.037 ADVISORY BRAVO H68Z
2021-01-18T11:54:09.042 ADVISORY ALFA Y73L
2021-01-18T11:54:18.048 ADVISORY BRAVO U44E
2021-01-18T11:54:27.053 ALARM ALFA X74C
2021-01-18T11:54:36.058 CLEARED BRAVO N15C
2021-01-18T11:54:45.063 ADVISORY ALFA P02C
2021-01-18T11:55:00.026 CLEARED ALFA P73U
2021-01-18T11:55:09.034 CLEARED ALFA R20W
2021-01-18T11:55:18.040 ADVISORY ALFA O20E
2021-01-18T11:55:27.048 ADVISORY ALFA D30D
2021-01-18T11:55:36.057 CLEARED BRAVO Y13G
2021-01-18T11:55:45.060 CLEARED BRAVO A84K
2021-01-18T11:56:00.039 ALARM BRAVO D10G
2021-01-18T11:56:09.048 ADVISORY ALFA M72C
2021-01-18T11:56:18.049 ADVISORY BRAVO B30M
2021-01-18T11:56:27.058 ALARM BRAVO A40N
2021-01-18T11:56:36.068 ALARM BRAVO J85C
2021-01-18T11:56:45.077 ALARM ALFA M32Y
2021-01-18T11:57:00.027 ADVISORY BRAVO R47C
2021-01-18T11:57:09.036 ALARM BRAVO S06S
2021-01-18T11:57:18.040 CLEARED BRAVO H20V
2021-01-18T11:57:27.048 ADVISORY BRAVO D12T
2021-01-18T11:57:36.058 ADVISORY BRAVO T35M
2021-01-18T11:57:45.065 CLEARED BRAVO B44T
2021-01-18T11:58:00.028 ALARM BRAVO Q36Q
2021-01-18T11:58:09.036 ALARM ALFA N11N
2021-01-18T11:58:18.037 CLEARED ALFA X24B
2021-01-18T11:58:27.045 ADVISORY BRAVO N68L
2021-01-18T11:58:36.049 ADVISORY ALFA R33H
2021-01-18T11:58:45.055 CLEARED BRAVO R73F
2021-01-18T11:59:00.032 CLEARED BRAVO Z57V
2021-01-18T11:59:09.040 ALARM ALFA R53X
2021-01-18T11:59:18.048 ALARM ALFA N70H
2021-01-18T11:59:27.054 ADVISORY BRAVO O53F
2021-01-18T11:59:36.054 ALARM BRAVO X63N
2021-01-18T11:59:45.061 ADVISORY ALFA I76D
2021-01-18T12:00:00.034 CLEARED ALFA M02Y
2021-01-18T12:00:09.041 ALARM BRAVO S72E
2021-01-18T12:00:18.050 ADVISORY BRAVO V68Z
2021-01-18T12:00:27.053 CLEARED ALFA L38P
2021-01-18T12:00:36.059 ALARM BRAVO I77X
2021-01-18T12:00:45.068 ALARM BRAVO Z56K
2021-01-18T12:01:00.026 ALARM ALFA E05D
2021-01-18T12:01:09.032 ALARM ALFA I06J
2021-01-18T12:01:18.038 ADVISORY BRAVO K80O
2021-01-18T12:01:27.048 CLEARED ALFA W31B
2021-01-18T12:01:36.057 ALARM BRAVO O32G
2021-01-18T12:01:45.065 ADVISORY ALFA I48W
2021-01-18T12:02:00.026 ADVISORY ALFA D32A
2021-01-18T12:02:09.034 CLEARED BRAVO O61X
2021-01-18T12:02:18.044 CLEARED ALFA D10W
2021-01-18T12:02:27.053 CLEARED ALFA T20M
2021-01-18T12:02:36.055 ADVISORY ALFA S80K
2021-01-18T12:02:45.061 ADVISORY BRAVO X51C
2021-01-18T12:03:00.029 ADVISORY ALFA W36G
2021-01-18T12:03:09.038 ADVISORY BRAVO Q78Z
2021-01-18T12:03:18.047 CLEARED ALFA N26Z
2021-01-18T12:03:27.063 ALARM ALFA F86Q
2021-01-18T12:03:36.067 CLEARED ALFA M88M
2021-01-18T12:03:45.076 ALARM ALFA V15U
2021-01-18T12:04:00.029 ADVISORY BRAVO D52A
2021-01-18T12:04:09.039 ADVISORY BRAVO R85F
2021-01-18T12:04:18.044 ADVISORY ALFA H16Q
2021-01-18T12:04:27.053 ADVISORY BRAVO D01N
2021-01-18T12:04:36.061 ADVISORY ALFA A88R
2021-01-18T12:04:45.071 ALARM BRAVO R17K
2021-01-18T12:05:00.027 CLEARED ALFA J72V
2021-01-18T12:05:09.032 CLEARED ALFA F55A
2021-01-18T12:05:18.041 CLEARED ALFA W66O
2021-01-18T12:05:27.049 CLEARED ALFA J86B
2021-01-18T12:05:36.052 ALARM ALFA S88W
2021-01-18T12:05:45.060 ADVISORY ALFA H13J
2021-01-18T12:06:00.027 ALARM ALFA E82Q
2021-01-18T12:06:09.034 ADVISORY ALFA L02B
2021-01-18T12:06:18.039 CLEARED BRAVO O42B
2021-01-18T12:06:27.048 CLEARED BRAVO G87H
2021-01-18T12:06:36.058 ADVISORY ALFA K86H
2021-01-18T12:06:45.060 ADVISORY ALFA M73U
2021-01-18T12:07:00.026 ALARM BRAVO T62K
2021-01-18T12:07:09.032 ALARM ALFA A00X
2021-01-18T12:07:18.034 ALARM BRAVO I33H
2021-01-18T12:07:27.043 CLEARED ALFA V85K
2021-01-18T12:07:36.049 ALARM BRAVO V35T
2021-01-18T12:07:45.054 ADVISORY ALFA W66S
2021-01-18T12:08:00.030 ALARM ALFA Q54G
2021-01-18T12:08:09.039 ALARM ALFA N56A
2021-01-18T12:08:18.042 CLEARED BRAVO D40N
2021-01-18T12:08:27.050 CLEARED BRAVO R80J
2021-01-18T12:08:36.059 ALARM ALFA F80H
2021-01-18T12:08:45.065 CLEARED ALFA C72D
2021-01-18T12:09:00.027 ADVISORY ALFA J04E
2021-01-18T12:09:09.037 ALARM BRAVO Q07L
2021-01-18T12:09:18.038 ALARM ALFA O64V
2021-01-18T12:09:27.042 ADVISORY ALFA S71O
2021-01-18T12:09:36.051 ALARM ALFA R17K
2021-01-18T12:09:45.059 ALARM BRAVO X61I
2021-01-18T12:10:00.029 CLEARED ALFA Z61J
2021-01-18T12:10:09.032 ALARM BRAVO Q67R
2021-01-18T12:10:18.039 ADVISORY BRAVO A23W
2021-01-18T12:10:27.048 CLEARED BRAVO Q71Z
2021-01-18T12:10:36.056 ALARM BRAVO B28J
2021-01-18T12:10:45.065 ADVISORY BRAVO Z36F
2021-01-18T12:11:00.027 CLEARED BRAVO X78T
2021-01-18T12:11:09.037 CLEARED ALFA N37F
2021-01-18T12:11:18.045 ADVISORY BRAVO A42I
2021-01-18T12:11:27.053 ADVISORY ALFA D12M
2021-01-18T12:11:36.058 ALARM ALFA Z24U
2021-01-18T12:11:45.059 CLEARED BRAVO E88I
2021-01-18T12:12:00.028 ALARM ALFA B15K
2021-01-18T12:12:09.033 ALARM BRAVO U78N
2021-01-18T12:12:18.042 ALARM BRAVO L05L
2021-01-18T12:12:27.050 ADVISORY ALFA L30N
2021-01-18T12:12:36.059 ALARM ALFA L34C
2021-01-18T12:12:45.069 CLEARED ALFA Y72O
2021-01-18T12:13:00.027 ADVISORY ALFA Z82S
2021-01-18T12:13:09.034 CLEARED ALFA J60G
2021-01-18T12:13:18.043 CLEARED BRAVO O71T
2021-01-18T12:13:27.049 ALARM ALFA Z77X
2021-01-18T12:13:36.053 ADVISORY ALFA B48B
2021-01-18T12:13:45.059 ALARM ALFA T87T
2021-01-18T12:14:00.028 ADVISORY ALFA D62C
2021-01-18T12:14:09.033 ADVISORY ALFA B16W
2021-01-18T12:14:18.040 ALARM BRAVO W44A
2021-01-18T12:14:27.049 ADVISORY ALFA W44J
2021-01-18T12:14:36.058 ALARM ALFA T77M
2021-01-18T12:14:45.060 CLEARED BRAVO Z02K
2021-01-18T12:15:00.027 ALARM BRAVO Z56S
2021-01-18T12:16:00.046 CLEARED ALFA T06U
2021-01-18T12:16:09.055 ALARM ALFA I78W
2021-01-18T12:16:18.056 ALARM BRAVO A84B
2021-01-18T12:16:27.067 ALARM BRAVO I45E
2021-01-18T12:16:36.079 ADVISORY BRAVO R42X
2021-01-18T12:16:45.086 ALARM BRAVO M40O
2021-01-18T12:17:02.517 ALARM BRAVO H24I
2021-01-18T12:18:00.027 ALARM ALFA G87A
2021-01-18T12:18:09.036 ADVISORY ALFA W61V
2021-01-18T12:18:18.046 ADVISORY BRAVO I15D
2021-01-18T12:18:27.061 ALARM BRAVO H38W
2021-01-18T12:18:36.070 ADVISORY BRAVO L73Y
2021-01-18T12:18:45.079 ADVISORY ALFA Z78L
2021-01-18T12:19:00.030 ADVISORY BRAVO V37L
2021-01-18T12:19:09.037 ALARM BRAVO S55X
2021-01-18T12:19:18.045 ADVISORY ALFA B18F
2021-01-18T12:19:27.054 ADVISORY BRAVO U61Q
2021-01-18T12:19:36.063 ALARM ALFA M03A
2021-01-18T12:19:45.072 CLEARED ALFA I16S
2021-01-18T12:20:00.026 ALARM BRAVO P88U
2021-01-18T12:20:09.035 CLEARED BRAVO I48Z
2021-01-18T12:20:18.037 ALARM ALFA A88U
2021-01-18T12:20:27.038 ADVISORY BRAVO M40T
2021-01-18T12:20:36.046 ADVISORY BRAVO T54O
2021-01-18T12:20:45.049 CLEARED BRAVO B12R
2021-01-18T12:21:00.029 ADVISORY ALFA N32Q
2021-01-18T12:21:09.033 CLEARED BRAVO Y57W
2021-01-18T12:21:18.036 ADVISORY ALFA R86R
2021-01-18T12:21:27.037 CLEARED ALFA F43C
2021-01-18T12:21:36.046 ALARM ALFA U22F
2021-01-18T12:21:45.051 CLEARED BRAVO V44R
2021-01-18T12:22:00.026 CLEARED ALFA M21G
2021-01-18T12:22:09.035 ADVISORY BRAVO V43N
2021-01-18T12:22:18.045 ALARM BRAVO V14D
2021-01-18T12:22:27.054 ALARM BRAVO Q67P
2021-01-18T12:22:36.063 ALARM BRAVO N65B
2021-01-18T12:22:45.066 ALARM BRAVO I17V
2021-01-18T12:23:00.034 CLEARED BRAVO O82K
2021-01-18T12:23:09.042 ADVISORY ALFA D84M
2021-01-18T12:23:18.052 ADVISORY BRAVO X20Z
2021-01-18T12:23:27.059 ALARM ALFA Z13R
2021-01-18T12:23:36.066 ALARM ALFA Y35G
2021-01-18T12:23:45.076 ALARM BRAVO C62B
2021-01-18T12:24:00.028 ALARM BRAVO L12Z
2021-01-18T12:24:09.036 CLEARED BRAVO W31R
2021-01-18T12:24:18.041 CLEARED BRAVO N13D
2021-01-18T12:24:27.050 ADVISORY BRAVO Y46T
2021-01-18T12:24:36.053 ADVISORY BRAVO Y78C
2021-01-18T12:24:45.059 ALARM BRAVO E56Y
2021-01-18T12:25:00.029 CLEARED ALFA T21R
2021-01-18T12:25:09.031 ALARM BRAVO T22M
2021-01-18T12:25:18.037 ADVISORY BRAVO Q77K
2021-01-18T12:25:27.046 CLEARED ALFA S36Z
2021-01-18T12:25:36.049 ADVISORY ALFA L36Y
2021-01-18T12:25:45.057 ADVISORY ALFA U55H
2021-01-18T12:26:00.026 ALARM ALFA D31H
2021-01-18T12:26:09.032 CLEARED ALFA C03X
2021-01-18T12:26:18.038 CLEARED BRAVO I07E
2021-01-18T12:26:27.046 ADVISORY BRAVO Y13N
2021-01-18T12:26:36.055 ALARM BRAVO P17Y
2021-01-18T12:26:45.056 CLEARED ALFA S23N
2021-01-18T12:27:00.028 ALARM BRAVO K50G
2021-01-18T12:27:09.036 ADVISORY BRAVO L86R
2021-01-18T12:27:18.044 CLEARED BRAVO X70E
2021-01-18T12:27:27.049 ADVISORY BRAVO B06M
2021-01-18T12:27:36.057 ADVISORY ALFA D63R
2021-01-18T12:27:45.065 CLEARED BRAVO F58W
2021-01-18T12:28:00.027 CLEARED ALFA Y48U
2021-01-18T12:28:09.037 ADVISORY ALFA J72E
2021-01-18T12:28:18.045 ALARM BRAVO A37D
2021-01-18T12:28:27.051 ADVISORY BRAVO F63Q
2021-01-18T12:28:36.053 ADVISORY ALFA T23C
2021-01-18T12:28:45.063 ALARM BRAVO E65T
2021-01-18T12:29:03.807 ALARM ALFA G20O
2021-01-18T12:30:00.034 ADVISORY BRAVO F87X
2021-01-18T12:30:09.037 ALARM ALFA Q81T
2021-01-18T12:30:18.050 ALARM ALFA A30F
2021-01-18T12:30:27.063 CLEARED ALFA T88S
2021-01-18T12:30:36.072 ALARM ALFA V87M
2021-01-18T12:30:45.073 CLEARED BRAVO I05R
2021-01-18T12:41:00.027 ALARM BRAVO C13I
2021-01-18T12:41:09.035 ADVISORY ALFA X46S
2021-01-18T12:41:18.036 ALARM ALFA L55K
2021-01-18T12:41:27.043 ADVISORY BRAVO V80B
2021-01-18T12:41:36.051 ADVISORY BRAVO O87M
2021-01-18T12:41:45.054 ALARM BRAVO L72I
2021-01-18T12:42:00.028 ALARM BRAVO L66C
2021-01-18T12:42:09.035 ADVISORY BRAVO D85Q
2021-01-18T12:42:18.043 ADVISORY BRAVO Z46C
2021-01-18T12:42:27.052 CLEARED ALFA E63V
2021-01-18T12:42:36.057 ADVISORY BRAVO J05C
2021-01-18T12:42:45.068 ADVISORY ALFA G84Z
2021-01-18T12:43:00.037 ADVISORY BRAVO Z44V
2021-01-18T12:43:09.044 ALARM ALFA D64S
2021-01-18T12:43:18.049 CLEARED BRAVO Z74Y
2021-01-18T12:43:27.059 ALARM ALFA L77C
2021-01-18T12:43:36.068 CLEARED ALFA O31I
2021-01-18T12:43:45.069 ADVISORY ALFA U80Q
2021-01-18T12:44:00.029 CLEARED BRAVO X45B
2021-01-18T12:44:09.044 ALARM BRAVO R70W
2021-01-18T12:44:18.054 ADVISORY BRAVO O80X
2021-01-18T12:44:27.062 CLEARED ALFA R73R
2021-01-18T12:44:36.070 ALARM ALFA M14G
2021-01-18T12:44:45.077 CLEARED ALFA N43N
2021-01-18T12:45:00.037 ALARM ALFA P87Z
2021-01-18T12:45:09.047 ALARM BRAVO J36F
2021-01-18T12:45:18.055 ALARM BRAVO C75Y
2021-01-18T12:45:27.060 CLEARED BRAVO P85T
2021-01-18T12:45:36.068 ADVISORY ALFA T71P
2021-01-18T12:45:45.078 ALARM ALFA I27A
